Using pre-set license
Built from '2020.3/release' branch; Version is '2020.3.12f1 (b3b2c6512326) revision 11776710'; Using compiler version '192528614'; Build Type 'Release'
OS: 'Windows 10 Home; OS build 19041.1052; Version 2004; 64bit' Language: 'zh' Physical Memory: 8073 MB
BatchMode: 1, IsHumanControllingUs: 0, StartBugReporterOnCrash: 0, Is64bit: 1, IsPro: 0

 COMMAND LINE ARGUMENTS:
E:\Unity\2020.3.12f1\Editor\Unity.exe
-adb2
-batchMode
-noUpm
-name
AssetImportWorker0
-projectPath
E:/Unity/Unit 2/Unity_HC_TC_2d_210703_Learn/Unit2_grid_tilepalete
-logFile
Logs/AssetImportWorker0.log
-srvPort
58686
Successfully changed project path to: E:/Unity/Unit 2/Unity_HC_TC_2d_210703_Learn/Unit2_grid_tilepalete
E:/Unity/Unit 2/Unity_HC_TC_2d_210703_Learn/Unit2_grid_tilepalete
Using Asset Import Pipeline V2.
Refreshing native plugins compatible for Editor in 113.40 ms, found 3 plugins.
Preloading 0 native plugins for Editor in 0.00 ms.
Initialize engine version: 2020.3.12f1 (b3b2c6512326)
[Subsystems] Discovering subsystems at path E:/Unity/2020.3.12f1/Editor/Data/Resources/UnitySubsystems
[Subsystems] Discovering subsystems at path E:/Unity/Unit 2/Unity_HC_TC_2d_210703_Learn/Unit2_grid_tilepalete/Assets
GfxDevice: creating device client; threaded=0
Direct3D:
    Version:  Direct3D 11.0 [level 11.1]
    Renderer: Intel(R) HD Graphics 520 (ID=0x1916)
    Vendor:   
    VRAM:     4036 MB
    Driver:   22.20.16.4691
Initialize mono
Mono path[0] = 'E:/Unity/2020.3.12f1/Editor/Data/Managed'
Mono path[1] = 'E:/Unity/2020.3.12f1/Editor/Data/MonoBleedingEdge/lib/mono/unityjit'
Mono config path = 'E:/Unity/2020.3.12f1/Editor/Data/MonoBleedingEdge/etc'
Using monoOptions --debugger-agent=transport=dt_socket,embedding=1,server=y,suspend=n,address=127.0.0.1:56424
Begin MonoManager ReloadAssembly
Registering precompiled unity dll's ...
Register platform support module: E:/Unity/2020.3.12f1/Editor/Data/PlaybackEngines/WindowsStandaloneSupport/UnityEditor.WindowsStandalone.Extensions.dll
Registered in 0.036715 seconds.
Native extension for WindowsStandalone target not found
Refreshing native plugins compatible for Editor in 93.27 ms, found 3 plugins.
Preloading 0 native plugins for Editor in 0.00 ms.
Mono: successfully reloaded assembly
- Completed reload, in  6.941 seconds
Platform modules already initialized, skipping
Registering precompiled user dll's ...
Registered in 0.110765 seconds.
Begin MonoManager ReloadAssembly
Native extension for WindowsStandalone target not found
Refreshing native plugins compatible for Editor in 75.94 ms, found 3 plugins.
Preloading 0 native plugins for Editor in 0.00 ms.
Mono: successfully reloaded assembly
- Completed reload, in  3.701 seconds
Platform modules already initialized, skipping
========================================================================
Worker process is ready to serve import requests
Launched and connected shader compiler UnityShaderCompiler.exe after 0.23 seconds
Refreshing native plugins compatible for Editor in 1.11 ms, found 3 plugins.
Preloading 0 native plugins for Editor in 0.00 ms.
Unloading 2080 Unused Serialized files (Serialized files now loaded: 0)
System memory in use before: 92.9 MB.
System memory in use after: 92.9 MB.

Unloading 33 unused Assets to reduce memory usage. Loaded Objects now: 2514.
Total: 5.627800 ms (FindLiveObjects: 0.480800 ms CreateObjectMapping: 0.288800 ms MarkObjects: 4.605800 ms  DeleteObjects: 0.249700 ms)

AssetImportParameters requested are different than current active one (requested -> active):
  custom:framework-win-MediaFoundation: 216162199b28c13a410421893ffa2e32 -> 
  custom:video-decoder-ogg-theora: a1e56fd34408186e4bbccfd4996cb3dc -> 
  custom:container-muxer-webm: aa71ff27fc2769a1b78a27578f13a17b -> 
  custom:container-demuxer-webm: 4f35f7cbe854078d1ac9338744f61a02 -> 
  custom:container-demuxer-ogg: 62fdf1f143b41e24485cea50d1cbac27 -> 
  custom:video-encoder-webm-vp8: eb34c28f22e8b96e1ab97ce403110664 -> 
  custom:video-codec-MediaFoundation-h265: 746d11721c4dcdbdad8f713fa42b33f4 -> 
  custom:video-decoder-webm-vp8: 9c59270c3fd7afecdb556c50c9e8de78 -> 
  custom:audio-decoder-ogg-vorbis: bf7c407c2cedff20999df2af8eb42d56 -> 
  custom:audio-encoder-webm-vorbis: bf7c407c2cedff20999df2af8eb42d56 -> 
========================================================================
Received Import Request.
  path: Assets/Scenes/SampleScene.unity
  artifactKey: Guid(2cda990e2423bbf4892e6590ba056729) Importer(815301076,1909f56bfc062723c751e8b465ee728b)
Start importing Assets/Scenes/SampleScene.unity using Guid(2cda990e2423bbf4892e6590ba056729) Importer(815301076,1909f56bfc062723c751e8b465ee728b)  -> (artifact id: '082b0d08ddc19594934b97f5c13533b2') in 0.049982 seconds 
  Import took 0.090269 seconds .

========================================================================
Received Import Request.
  Time since last request: 31.771399 seconds.
  path: Assets/Music/魔王魂  フィールド11.mp3
  artifactKey: Guid(4de9310c612c4be4f86f43b18fd659f9) Importer(815301076,1909f56bfc062723c751e8b465ee728b)
Start importing Assets/Music/魔王魂  フィールド11.mp3 using Guid(4de9310c612c4be4f86f43b18fd659f9) Importer(815301076,1909f56bfc062723c751e8b465ee728b)  -> (artifact id: 'ba2c13ff2f07f3479cbbd1c303917593') in 0.518757 seconds 
  Import took 0.535282 seconds .

========================================================================
Received Import Request.
  Time since last request: 0.000414 seconds.
  path: Assets/Music/魔王魂  フィールド11.ogg
  artifactKey: Guid(2affd2515c7d9c64089549cd726b31f9) Importer(815301076,1909f56bfc062723c751e8b465ee728b)
Start importing Assets/Music/魔王魂  フィールド11.ogg using Guid(2affd2515c7d9c64089549cd726b31f9) Importer(815301076,1909f56bfc062723c751e8b465ee728b)  -> (artifact id: '0596828573ceabdaa9e9161bfaa83301') in 0.068107 seconds 
  Import took 0.089437 seconds .

========================================================================
Received Import Request.
  Time since last request: 0.000440 seconds.
  path: Assets/Music/魔王魂  村01.ogg
  artifactKey: Guid(60dd1e8c0a9d6514095b096c023bc9d9) Importer(815301076,1909f56bfc062723c751e8b465ee728b)
Start importing Assets/Music/魔王魂  村01.ogg using Guid(60dd1e8c0a9d6514095b096c023bc9d9) Importer(815301076,1909f56bfc062723c751e8b465ee728b)  -> (artifact id: '1fa6676e471f8b49247528bc4e71931a') in 0.046084 seconds 
  Import took 0.087236 seconds .

========================================================================
Received Import Request.
  Time since last request: 0.000362 seconds.
  path: Assets/Music/魔王魂  村01.mp3
  artifactKey: Guid(04b977feec17eb946b0c1f2387758eb2) Importer(815301076,1909f56bfc062723c751e8b465ee728b)
Start importing Assets/Music/魔王魂  村01.mp3 using Guid(04b977feec17eb946b0c1f2387758eb2) Importer(815301076,1909f56bfc062723c751e8b465ee728b)  -> (artifact id: 'a3ad9d50f6eb0ae9e8953384aea8243a') in 0.041940 seconds 
  Import took 0.072790 seconds .

========================================================================
Received Import Request.
  Time since last request: 0.768869 seconds.
  path: Assets/Music/魔王魂  村08.mp3
  artifactKey: Guid(e3c9384a3b1000049afc06a4bbc98dc3) Importer(815301076,1909f56bfc062723c751e8b465ee728b)
Start importing Assets/Music/魔王魂  村08.mp3 using Guid(e3c9384a3b1000049afc06a4bbc98dc3) Importer(815301076,1909f56bfc062723c751e8b465ee728b)  -> (artifact id: 'ad275f19e491fe029b49e5fe25bc1406') in 0.025982 seconds 
  Import took 0.050156 seconds .

========================================================================
Received Import Request.
  Time since last request: 1.038440 seconds.
  path: Assets/Music/魔王魂  村08.ogg
  artifactKey: Guid(65b720bfcc126e74782c8280106d7577) Importer(815301076,1909f56bfc062723c751e8b465ee728b)
Start importing Assets/Music/魔王魂  村08.ogg using Guid(65b720bfcc126e74782c8280106d7577) Importer(815301076,1909f56bfc062723c751e8b465ee728b)  -> (artifact id: '2134302f9696d4d3970f49dcca85a881') in 0.054936 seconds 
  Import took 0.082479 seconds .

========================================================================
Received Prepare
Registering precompiled user dll's ...
Registered in 0.024833 seconds.
Begin MonoManager ReloadAssembly
Native extension for WindowsStandalone target not found
Refreshing native plugins compatible for Editor in 0.74 ms, found 3 plugins.
Preloading 0 native plugins for Editor in 0.00 ms.
Mono: successfully reloaded assembly
- Completed reload, in  2.300 seconds
Platform modules already initialized, skipping
Refreshing native plugins compatible for Editor in 1.07 ms, found 3 plugins.
Preloading 0 native plugins for Editor in 0.00 ms.
Unloading 2075 Unused Serialized files (Serialized files now loaded: 0)
System memory in use before: 95.9 MB.
System memory in use after: 95.9 MB.

Unloading 21 unused Assets to reduce memory usage. Loaded Objects now: 2527.
Total: 5.948100 ms (FindLiveObjects: 0.578000 ms CreateObjectMapping: 0.233900 ms MarkObjects: 4.902800 ms  DeleteObjects: 0.230200 ms)

AssetImportParameters requested are different than current active one (requested -> active):
  custom:framework-win-MediaFoundation: 216162199b28c13a410421893ffa2e32 -> 
  custom:video-decoder-ogg-theora: a1e56fd34408186e4bbccfd4996cb3dc -> 
  custom:container-muxer-webm: aa71ff27fc2769a1b78a27578f13a17b -> 
  custom:container-demuxer-webm: 4f35f7cbe854078d1ac9338744f61a02 -> 
  custom:container-demuxer-ogg: 62fdf1f143b41e24485cea50d1cbac27 -> 
  custom:video-encoder-webm-vp8: eb34c28f22e8b96e1ab97ce403110664 -> 
  custom:video-codec-MediaFoundation-h265: 746d11721c4dcdbdad8f713fa42b33f4 -> 
  custom:video-decoder-webm-vp8: 9c59270c3fd7afecdb556c50c9e8de78 -> 
  custom:audio-decoder-ogg-vorbis: bf7c407c2cedff20999df2af8eb42d56 -> 
  custom:audio-encoder-webm-vorbis: bf7c407c2cedff20999df2af8eb42d56 -> 
========================================================================
Received Import Request.
  Time since last request: 260.287668 seconds.
  path: Assets/Scenes/GameScene.unity
  artifactKey: Guid(2cda990e2423bbf4892e6590ba056729) Importer(815301076,1909f56bfc062723c751e8b465ee728b)
Start importing Assets/Scenes/GameScene.unity using Guid(2cda990e2423bbf4892e6590ba056729) Importer(815301076,1909f56bfc062723c751e8b465ee728b)  -> (artifact id: '13ffbe2df5dffbab8e9923371d7106ac') in 0.063416 seconds 
  Import took 0.205153 seconds .

========================================================================
Received Import Request.
  Time since last request: 2.374836 seconds.
  path: Assets/Scenes/Floor.unity
  artifactKey: Guid(19f5aa1489c32db4ca51198e3c12c55d) Importer(815301076,1909f56bfc062723c751e8b465ee728b)
Start importing Assets/Scenes/Floor.unity using Guid(19f5aa1489c32db4ca51198e3c12c55d) Importer(815301076,1909f56bfc062723c751e8b465ee728b)  -> (artifact id: 'a6d581453f81d8d961921f40f870a72c') in 0.017707 seconds 
  Import took 0.170597 seconds .

========================================================================
Received Import Request.
  Time since last request: 10.150849 seconds.
  path: Assets/Scenes/Menu.unity
  artifactKey: Guid(19f5aa1489c32db4ca51198e3c12c55d) Importer(815301076,1909f56bfc062723c751e8b465ee728b)
Start importing Assets/Scenes/Menu.unity using Guid(19f5aa1489c32db4ca51198e3c12c55d) Importer(815301076,1909f56bfc062723c751e8b465ee728b)  -> (artifact id: 'b08e65ad8ec79c7aecab17abe0776586') in 0.016479 seconds 
  Import took 0.041756 seconds .

========================================================================
Received Prepare
Registering precompiled user dll's ...
Registered in 0.053014 seconds.
Begin MonoManager ReloadAssembly
Native extension for WindowsStandalone target not found
Refreshing native plugins compatible for Editor in 0.68 ms, found 3 plugins.
Preloading 0 native plugins for Editor in 0.00 ms.
Mono: successfully reloaded assembly
- Completed reload, in  2.596 seconds
Platform modules already initialized, skipping
Refreshing native plugins compatible for Editor in 1.07 ms, found 3 plugins.
Preloading 0 native plugins for Editor in 0.00 ms.
Unloading 2075 Unused Serialized files (Serialized files now loaded: 0)
System memory in use before: 95.9 MB.
System memory in use after: 95.9 MB.

Unloading 21 unused Assets to reduce memory usage. Loaded Objects now: 2531.
Total: 5.318800 ms (FindLiveObjects: 0.424500 ms CreateObjectMapping: 0.202000 ms MarkObjects: 4.467200 ms  DeleteObjects: 0.222800 ms)

AssetImportParameters requested are different than current active one (requested -> active):
  custom:framework-win-MediaFoundation: 216162199b28c13a410421893ffa2e32 -> 
  custom:video-decoder-ogg-theora: a1e56fd34408186e4bbccfd4996cb3dc -> 
  custom:container-muxer-webm: aa71ff27fc2769a1b78a27578f13a17b -> 
  custom:container-demuxer-webm: 4f35f7cbe854078d1ac9338744f61a02 -> 
  custom:container-demuxer-ogg: 62fdf1f143b41e24485cea50d1cbac27 -> 
  custom:video-encoder-webm-vp8: eb34c28f22e8b96e1ab97ce403110664 -> 
  custom:video-codec-MediaFoundation-h265: 746d11721c4dcdbdad8f713fa42b33f4 -> 
  custom:video-decoder-webm-vp8: 9c59270c3fd7afecdb556c50c9e8de78 -> 
  custom:audio-decoder-ogg-vorbis: bf7c407c2cedff20999df2af8eb42d56 -> 
  custom:audio-encoder-webm-vorbis: bf7c407c2cedff20999df2af8eb42d56 -> 
========================================================================
Received Import Request.
  Time since last request: 6937.962761 seconds.
  path: Assets/animation/主角.controller
  artifactKey: Guid(df1634c4a6f62ce4d84e54813321e227) Importer(815301076,1909f56bfc062723c751e8b465ee728b)
Start importing Assets/animation/主角.controller using Guid(df1634c4a6f62ce4d84e54813321e227) Importer(815301076,1909f56bfc062723c751e8b465ee728b)  -> (artifact id: '78887bd67bd4586500a084ab63921e8c') in 0.403593 seconds 
  Import took 0.764235 seconds .

========================================================================
Received Import Request.
  Time since last request: 19.355282 seconds.
  path: Assets/Scenes/GameScene.unity
  artifactKey: Guid(2cda990e2423bbf4892e6590ba056729) Importer(815301076,1909f56bfc062723c751e8b465ee728b)
Start importing Assets/Scenes/GameScene.unity using Guid(2cda990e2423bbf4892e6590ba056729) Importer(815301076,1909f56bfc062723c751e8b465ee728b)  -> (artifact id: 'b362d3a793bee1eac28c4ed8d0626682') in 0.029186 seconds 
  Import took 0.150285 seconds .

========================================================================
Received Import Request.
  Time since last request: 0.480523 seconds.
  path: Assets/Scenes/Menu.unity
  artifactKey: Guid(19f5aa1489c32db4ca51198e3c12c55d) Importer(815301076,1909f56bfc062723c751e8b465ee728b)
Start importing Assets/Scenes/Menu.unity using Guid(19f5aa1489c32db4ca51198e3c12c55d) Importer(815301076,1909f56bfc062723c751e8b465ee728b)  -> (artifact id: '7b62e4f48238c1b49eba18cfc34b45f0') in 0.023019 seconds 
  Import took 0.050910 seconds .

========================================================================
Received Import Request.
  Time since last request: 24.945665 seconds.
  path: Assets/Scenes
  artifactKey: Guid(53740a0cfcc076e408988b3ae06dafcc) Importer(815301076,1909f56bfc062723c751e8b465ee728b)
Start importing Assets/Scenes using Guid(53740a0cfcc076e408988b3ae06dafcc) Importer(815301076,1909f56bfc062723c751e8b465ee728b)  -> (artifact id: 'f14b3a3ae464f1713d4b29eb400bc1a1') in 0.025361 seconds 
  Import took 0.100577 seconds .

========================================================================
Received Import Request.
  Time since last request: 27.060341 seconds.
  path: Assets/Scenes/學習模式.unity
  artifactKey: Guid(c8ab0e7d05fdd8745bb5325512e2e484) Importer(815301076,1909f56bfc062723c751e8b465ee728b)
Start importing Assets/Scenes/學習模式.unity using Guid(c8ab0e7d05fdd8745bb5325512e2e484) Importer(815301076,1909f56bfc062723c751e8b465ee728b)  -> (artifact id: '13ff0d2db83aa426be58c401e1f16e9e') in 0.017645 seconds 
  Import took 0.065865 seconds .

========================================================================
Received Import Request.
  Time since last request: 395.233968 seconds.
  path: Assets/Scripts
  artifactKey: Guid(09438e4b8c5be934e9f70186fc5c885e) Importer(815301076,1909f56bfc062723c751e8b465ee728b)
Start importing Assets/Scripts using Guid(09438e4b8c5be934e9f70186fc5c885e) Importer(815301076,1909f56bfc062723c751e8b465ee728b)  -> (artifact id: '9c933e836cacda823fac481ff1b503fd') in 0.025830 seconds 
  Import took 0.153720 seconds .

========================================================================
Received Import Request.
  Time since last request: 60.103015 seconds.
  path: Assets/Scripts/Car.cs
  artifactKey: Guid(2a83684983274ca4a8f77a01b898fbb5) Importer(815301076,1909f56bfc062723c751e8b465ee728b)
Start importing Assets/Scripts/Car.cs using Guid(2a83684983274ca4a8f77a01b898fbb5) Importer(815301076,1909f56bfc062723c751e8b465ee728b)  -> (artifact id: '5242872c18a06fcc3edc26ba97f3d294') in 0.083146 seconds 
  Import took 0.111247 seconds .

========================================================================
Received Prepare
Registering precompiled user dll's ...
Registered in 0.101376 seconds.
Begin MonoManager ReloadAssembly
Native extension for WindowsStandalone target not found
Refreshing native plugins compatible for Editor in 0.76 ms, found 3 plugins.
Preloading 0 native plugins for Editor in 0.00 ms.
Mono: successfully reloaded assembly
- Completed reload, in  2.452 seconds
Platform modules already initialized, skipping
Refreshing native plugins compatible for Editor in 1.16 ms, found 3 plugins.
Preloading 0 native plugins for Editor in 0.00 ms.
Unloading 2076 Unused Serialized files (Serialized files now loaded: 0)
System memory in use before: 96.0 MB.
System memory in use after: 96.0 MB.

Unloading 21 unused Assets to reduce memory usage. Loaded Objects now: 2536.
Total: 6.670300 ms (FindLiveObjects: 1.098300 ms CreateObjectMapping: 0.277800 ms MarkObjects: 4.946600 ms  DeleteObjects: 0.331000 ms)

AssetImportParameters requested are different than current active one (requested -> active):
  custom:framework-win-MediaFoundation: 216162199b28c13a410421893ffa2e32 -> 
  custom:video-decoder-ogg-theora: a1e56fd34408186e4bbccfd4996cb3dc -> 
  custom:container-muxer-webm: aa71ff27fc2769a1b78a27578f13a17b -> 
  custom:container-demuxer-webm: 4f35f7cbe854078d1ac9338744f61a02 -> 
  custom:container-demuxer-ogg: 62fdf1f143b41e24485cea50d1cbac27 -> 
  custom:video-encoder-webm-vp8: eb34c28f22e8b96e1ab97ce403110664 -> 
  custom:video-codec-MediaFoundation-h265: 746d11721c4dcdbdad8f713fa42b33f4 -> 
  custom:video-decoder-webm-vp8: 9c59270c3fd7afecdb556c50c9e8de78 -> 
  custom:audio-decoder-ogg-vorbis: bf7c407c2cedff20999df2af8eb42d56 -> 
  custom:audio-encoder-webm-vorbis: bf7c407c2cedff20999df2af8eb42d56 -> 
AssetImportWorkerClient::OnTransportError - code=2 error=End of file
