Using pre-set license
Built from '2020.3/release' branch; Version is '2020.3.12f1 (b3b2c6512326) revision 11776710'; Using compiler version '192528614'; Build Type 'Release'
OS: 'Windows 10 Home; OS build 19041.1083; Version 2004; 64bit' Language: 'zh' Physical Memory: 8073 MB
BatchMode: 1, IsHumanControllingUs: 0, StartBugReporterOnCrash: 0, Is64bit: 1, IsPro: 0

 COMMAND LINE ARGUMENTS:
E:\Unity\2020.3.12f1\Editor\Unity.exe
-adb2
-batchMode
-noUpm
-name
AssetImportWorker1
-projectPath
E:/Unity/Unit 2/Unity_HC_TC_2d_210703_Learn/Fire Particle_Ranjyue_EX02
-logFile
Logs/AssetImportWorker1.log
-srvPort
49957
Successfully changed project path to: E:/Unity/Unit 2/Unity_HC_TC_2d_210703_Learn/Fire Particle_Ranjyue_EX02
E:/Unity/Unit 2/Unity_HC_TC_2d_210703_Learn/Fire Particle_Ranjyue_EX02
Using Asset Import Pipeline V2.
Refreshing native plugins compatible for Editor in 233.41 ms, found 3 plugins.
Preloading 0 native plugins for Editor in 0.00 ms.
Initialize engine version: 2020.3.12f1 (b3b2c6512326)
[Subsystems] Discovering subsystems at path E:/Unity/2020.3.12f1/Editor/Data/Resources/UnitySubsystems
[Subsystems] Discovering subsystems at path E:/Unity/Unit 2/Unity_HC_TC_2d_210703_Learn/Fire Particle_Ranjyue_EX02/Assets
GfxDevice: creating device client; threaded=0
Direct3D:
    Version:  Direct3D 11.0 [level 11.1]
    Renderer: Intel(R) HD Graphics 520 (ID=0x1916)
    Vendor:   
    VRAM:     4036 MB
    Driver:   22.20.16.4691
Initialize mono
Mono path[0] = 'E:/Unity/2020.3.12f1/Editor/Data/Managed'
Mono path[1] = 'E:/Unity/2020.3.12f1/Editor/Data/MonoBleedingEdge/lib/mono/unityjit'
Mono config path = 'E:/Unity/2020.3.12f1/Editor/Data/MonoBleedingEdge/etc'
Using monoOptions --debugger-agent=transport=dt_socket,embedding=1,server=y,suspend=n,address=127.0.0.1:56224
Begin MonoManager ReloadAssembly
Registering precompiled unity dll's ...
Register platform support module: E:/Unity/2020.3.12f1/Editor/Data/PlaybackEngines/WindowsStandaloneSupport/UnityEditor.WindowsStandalone.Extensions.dll
Registered in 0.031183 seconds.
Native extension for WindowsStandalone target not found
Refreshing native plugins compatible for Editor in 123.15 ms, found 3 plugins.
Preloading 0 native plugins for Editor in 0.00 ms.
Mono: successfully reloaded assembly
- Completed reload, in  4.653 seconds
Platform modules already initialized, skipping
Registering precompiled user dll's ...
Registered in 0.055116 seconds.
Begin MonoManager ReloadAssembly
Native extension for WindowsStandalone target not found
Refreshing native plugins compatible for Editor in 62.21 ms, found 3 plugins.
Preloading 0 native plugins for Editor in 0.00 ms.
Mono: successfully reloaded assembly
- Completed reload, in  3.855 seconds
Platform modules already initialized, skipping
========================================================================
Worker process is ready to serve import requests
Launched and connected shader compiler UnityShaderCompiler.exe after 0.10 seconds
Refreshing native plugins compatible for Editor in 0.94 ms, found 3 plugins.
Preloading 0 native plugins for Editor in 0.00 ms.
Unloading 2080 Unused Serialized files (Serialized files now loaded: 0)
System memory in use before: 93.0 MB.
System memory in use after: 93.0 MB.

Unloading 33 unused Assets to reduce memory usage. Loaded Objects now: 2514.
Total: 5.348300 ms (FindLiveObjects: 0.461600 ms CreateObjectMapping: 0.247100 ms MarkObjects: 4.381700 ms  DeleteObjects: 0.255200 ms)

AssetImportParameters requested are different than current active one (requested -> active):
  custom:framework-win-MediaFoundation: 216162199b28c13a410421893ffa2e32 -> 
  custom:video-decoder-ogg-theora: a1e56fd34408186e4bbccfd4996cb3dc -> 
  custom:container-muxer-webm: aa71ff27fc2769a1b78a27578f13a17b -> 
  custom:container-demuxer-webm: 4f35f7cbe854078d1ac9338744f61a02 -> 
  custom:container-demuxer-ogg: 62fdf1f143b41e24485cea50d1cbac27 -> 
  custom:video-encoder-webm-vp8: eb34c28f22e8b96e1ab97ce403110664 -> 
  custom:video-codec-MediaFoundation-h265: 746d11721c4dcdbdad8f713fa42b33f4 -> 
  custom:video-decoder-webm-vp8: 9c59270c3fd7afecdb556c50c9e8de78 -> 
  custom:audio-decoder-ogg-vorbis: bf7c407c2cedff20999df2af8eb42d56 -> 
  custom:audio-encoder-webm-vorbis: bf7c407c2cedff20999df2af8eb42d56 -> 
========================================================================
Received Import Request.
  path: Assets/Scenes/Fire.unity
  artifactKey: Guid(2cda990e2423bbf4892e6590ba056729) Importer(815301076,1909f56bfc062723c751e8b465ee728b)
Start importing Assets/Scenes/Fire.unity using Guid(2cda990e2423bbf4892e6590ba056729) Importer(815301076,1909f56bfc062723c751e8b465ee728b)  -> (artifact id: 'ff7f5aed1beb9869b1ff2385eeff1d69') in 0.036929 seconds 
  Import took 0.060813 seconds .

========================================================================
Received Import Request.
  Time since last request: 407.870522 seconds.
  path: Assets/Material
  artifactKey: Guid(d0d2e789941022442a271eb8cbf4be94) Importer(815301076,1909f56bfc062723c751e8b465ee728b)
Start importing Assets/Material using Guid(d0d2e789941022442a271eb8cbf4be94) Importer(815301076,1909f56bfc062723c751e8b465ee728b)  -> (artifact id: '4fca881c3e6f329284d3c0a81dacea00') in 0.014891 seconds 
  Import took 0.022042 seconds .

========================================================================
Received Import Request.
  Time since last request: 34.654089 seconds.
  path: Assets/Material/New Material.mat
  artifactKey: Guid(c4a16684c222fa2469df01dc9513dd2d) Importer(815301076,1909f56bfc062723c751e8b465ee728b)
Start importing Assets/Material/New Material.mat using Guid(c4a16684c222fa2469df01dc9513dd2d) Importer(815301076,1909f56bfc062723c751e8b465ee728b)  -> (artifact id: '5631f4c99d7db0d203084bea3356f9f5') in 0.950451 seconds 
  Import took 0.974392 seconds .

========================================================================
Received Import Request.
  Time since last request: 25.482394 seconds.
  path: Assets/Material/MAT_Fire.mat
  artifactKey: Guid(c4a16684c222fa2469df01dc9513dd2d) Importer(815301076,1909f56bfc062723c751e8b465ee728b)
Start importing Assets/Material/MAT_Fire.mat using Guid(c4a16684c222fa2469df01dc9513dd2d) Importer(815301076,1909f56bfc062723c751e8b465ee728b)  -> (artifact id: 'd7bfee2e2c4fbb741793ab4c1b466913') in 0.028439 seconds 
  Import took 0.049132 seconds .

========================================================================
Received Import Request.
  Time since last request: 334.600870 seconds.
  path: Assets/Material/MAT_Fire.mat
  artifactKey: Guid(c4a16684c222fa2469df01dc9513dd2d) Importer(815301076,1909f56bfc062723c751e8b465ee728b)
Start importing Assets/Material/MAT_Fire.mat using Guid(c4a16684c222fa2469df01dc9513dd2d) Importer(815301076,1909f56bfc062723c751e8b465ee728b)  -> (artifact id: 'bdc0573d522fd42d219f79aa42af6794') in 0.039640 seconds 
  Import took 0.047062 seconds .

========================================================================
Received Import Request.
  Time since last request: 162.753818 seconds.
  path: Assets/Sources
  artifactKey: Guid(5a8f04b9d2db84045b63a2be423364fc) Importer(815301076,1909f56bfc062723c751e8b465ee728b)
Start importing Assets/Sources using Guid(5a8f04b9d2db84045b63a2be423364fc) Importer(815301076,1909f56bfc062723c751e8b465ee728b)  -> (artifact id: '4523d9a68a671a7d8b2854376d0514c1') in 0.015445 seconds 
  Import took 0.347303 seconds .

========================================================================
Received Import Request.
  Time since last request: 25.908472 seconds.
  path: Assets/Sources/TXT_fire_01.tga
  artifactKey: Guid(60c43ad902c4bb344a97119ed4e846b4) Importer(815301076,1909f56bfc062723c751e8b465ee728b)
Start importing Assets/Sources/TXT_fire_01.tga using Guid(60c43ad902c4bb344a97119ed4e846b4) Importer(815301076,1909f56bfc062723c751e8b465ee728b)  -> (artifact id: '548000879e2366e091e467395dfdbb8f') in 0.101196 seconds 
  Import took 0.107566 seconds .

========================================================================
Received Import Request.
  Time since last request: 241.445336 seconds.
  path: Assets/Material/MAT_Fire.mat
  artifactKey: Guid(c4a16684c222fa2469df01dc9513dd2d) Importer(815301076,1909f56bfc062723c751e8b465ee728b)
Start importing Assets/Material/MAT_Fire.mat using Guid(c4a16684c222fa2469df01dc9513dd2d) Importer(815301076,1909f56bfc062723c751e8b465ee728b)  -> (artifact id: '46f90c45d8c4fada99c1e01fe8d5da3e') in 0.034180 seconds 
  Import took 0.054060 seconds .

AssetImportWorkerClient::OnTransportError - code=2 error=End of file
